# JRE version: OpenJDK Runtime Environment Microsoft-8035246 (17.0.8+7) (build 17.0.8+7-LTS)
# Java VM: OpenJDK 64-Bit Server VM Microsoft-8035246 (17.0.8+7-LTS, mixed mode, sharing, tiered, compressed oops, compressed class ptrs, g1 gc, windows-amd64)
GC Precious Log:
 CPUs: 8 total, 8 available
 Memory: 16268M
 Large Page Support: Disabled
 NUMA Support: Disabled
 Compressed Oops: Enabled (32-bit)
 Heap Region Size: 1M
 Heap Min Capacity: 8M
 Heap Initial Capacity: 256M
 Heap Max Capacity: 2G
 Pre-touch: Disabled
 Parallel Workers: 8
 Concurrent Workers: 2
 Concurrent Refinement Workers: 8
 Periodic GC: Disabled
Heap:
 garbage-first heap   total 279552K, used 200685K [0x0000000080000000, 0x0000000100000000)
  region size 1024K, 39 young (39936K), 7 survivors (7168K)
 Metaspace       used 107056K, committed 108032K, reserved 557056K
  class space    used 14765K, committed 15232K, reserved 425984K
GC Heap History (20 events):
Event: 32.249 GC heap before
{Heap before GC invocations=49 (full 0):
 garbage-first heap   total 193536K, used 166419K [0x0000000080000000, 0x0000000100000000)
  region size 1024K, 17 young (17408K), 2 survivors (2048K)
 Metaspace       used 102960K, committed 103872K, reserved 557056K
  class space    used 14358K, committed 14784K, reserved 425984K
}
Event: 32.253 GC heap after
{Heap after GC invocations=50 (full 0):
 garbage-first heap   total 193536K, used 149940K [0x0000000080000000, 0x0000000100000000)
  region size 1024K, 3 young (3072K), 3 survivors (3072K)
 Metaspace       used 102960K, committed 103872K, reserved 557056K
  class space    used 14358K, committed 14784K, reserved 425984K
}
Event: 32.478 GC heap before
{Heap before GC invocations=50 (full 0):
 garbage-first heap   total 193536K, used 171444K [0x0000000080000000, 0x0000000100000000)
  region size 1024K, 19 young (19456K), 3 survivors (3072K)
 Metaspace       used 103067K, committed 104000K, reserved 557056K
  class space    used 14369K, committed 14784K, reserved 425984K
}
Event: 32.484 GC heap after
{Heap after GC invocations=51 (full 0):
 garbage-first heap   total 193536K, used 153575K [0x0000000080000000, 0x0000000100000000)
  region size 1024K, 3 young (3072K), 3 survivors (3072K)
 Metaspace       used 103067K, committed 104000K, reserved 557056K
  class space    used 14369K, committed 14784K, reserved 425984K
}
Event: 32.597 GC heap before
{Heap before GC invocations=51 (full 0):
 garbage-first heap   total 193536K, used 169959K [0x0000000080000000, 0x0000000100000000)
  region size 1024K, 18 young (18432K), 3 survivors (3072K)
 Metaspace       used 103069K, committed 104000K, reserved 557056K
  class space    used 14369K, committed 14784K, reserved 425984K
}
Event: 32.603 GC heap after
{Heap after GC invocations=52 (full 0):
 garbage-first heap   total 232448K, used 152950K [0x0000000080000000, 0x0000000100000000)
  region size 1024K, 2 young (2048K), 2 survivors (2048K)
 Metaspace       used 103069K, committed 104000K, reserved 557056K
  class space    used 14369K, committed 14784K, reserved 425984K
}
Event: 33.196 GC heap before
{Heap before GC invocations=52 (full 0):
 garbage-first heap   total 232448K, used 200054K [0x0000000080000000, 0x0000000100000000)
  region size 1024K, 45 young (46080K), 2 survivors (2048K)
 Metaspace       used 103186K, committed 104064K, reserved 557056K
  class space    used 14377K, committed 14784K, reserved 425984K
}
Event: 33.203 GC heap after
{Heap after GC invocations=53 (full 0):
 garbage-first heap   total 232448K, used 155469K [0x0000000080000000, 0x0000000100000000)
  region size 1024K, 4 young (4096K), 4 survivors (4096K)
 Metaspace       used 103186K, committed 104064K, reserved 557056K
  class space    used 14377K, committed 14784K, reserved 425984K
}
Event: 33.616 GC heap before
{Heap before GC invocations=53 (full 0):
 garbage-first heap   total 232448K, used 205645K [0x0000000080000000, 0x0000000100000000)
  region size 1024K, 46 young (47104K), 4 survivors (4096K)
 Metaspace       used 103350K, committed 104256K, reserved 557056K
  class space    used 14401K, committed 14848K, reserved 425984K
}
Event: 33.623 GC heap after
{Heap after GC invocations=54 (full 0):
 garbage-first heap   total 232448K, used 158707K [0x0000000080000000, 0x0000000100000000)
  region size 1024K, 6 young (6144K), 6 survivors (6144K)
 Metaspace       used 103350K, committed 104256K, reserved 557056K
  class space    used 14401K, committed 14848K, reserved 425984K
}
Event: 33.995 GC heap before
{Heap before GC invocations=54 (full 0):
 garbage-first heap   total 232448K, used 202739K [0x0000000080000000, 0x0000000100000000)
  region size 1024K, 46 young (47104K), 6 survivors (6144K)
 Metaspace       used 103395K, committed 104320K, reserved 557056K
  class space    used 14403K, committed 14848K, reserved 425984K
}
Event: 34.003 GC heap after
{Heap after GC invocations=55 (full 0):
 garbage-first heap   total 232448K, used 161573K [0x0000000080000000, 0x0000000100000000)
  region size 1024K, 3 young (3072K), 3 survivors (3072K)
 Metaspace       used 103395K, committed 104320K, reserved 557056K
  class space    used 14403K, committed 14848K, reserved 425984K
}
Event: 34.406 GC heap before
{Heap before GC invocations=55 (full 0):
 garbage-first heap   total 232448K, used 199461K [0x0000000080000000, 0x0000000100000000)
  region size 1024K, 41 young (41984K), 3 survivors (3072K)
 Metaspace       used 103420K, committed 104320K, reserved 557056K
  class space    used 14403K, committed 14848K, reserved 425984K
}
Event: 34.412 GC heap after
{Heap after GC invocations=56 (full 0):
 garbage-first heap   total 232448K, used 162409K [0x0000000080000000, 0x0000000100000000)
  region size 1024K, 4 young (4096K), 4 survivors (4096K)
 Metaspace       used 103420K, committed 104320K, reserved 557056K
  class space    used 14403K, committed 14848K, reserved 425984K
}
Event: 34.795 GC heap before
{Heap before GC invocations=56 (full 0):
 garbage-first heap   total 232448K, used 198249K [0x0000000080000000, 0x0000000100000000)
  region size 1024K, 33 young (33792K), 4 survivors (4096K)
 Metaspace       used 103767K, committed 104768K, reserved 557056K
  class space    used 14447K, committed 14912K, reserved 425984K
}
Event: 34.802 GC heap after
{Heap after GC invocations=57 (full 0):
 garbage-first heap   total 232448K, used 168689K [0x0000000080000000, 0x0000000100000000)
  region size 1024K, 4 young (4096K), 4 survivors (4096K)
 Metaspace       used 103767K, committed 104768K, reserved 557056K
  class space    used 14447K, committed 14912K, reserved 425984K
}
Event: 44.356 GC heap before
{Heap before GC invocations=57 (full 0):
 garbage-first heap   total 232448K, used 201457K [0x0000000080000000, 0x0000000100000000)
  region size 1024K, 36 young (36864K), 4 survivors (4096K)
 Metaspace       used 106451K, committed 107456K, reserved 557056K
  class space    used 14750K, committed 15232K, reserved 425984K
}
Event: 44.364 GC heap after
{Heap after GC invocations=58 (full 0):
 garbage-first heap   total 279552K, used 167330K [0x0000000080000000, 0x0000000100000000)
  region size 1024K, 5 young (5120K), 5 survivors (5120K)
 Metaspace       used 106451K, committed 107456K, reserved 557056K
  class space    used 14750K, committed 15232K, reserved 425984K
}
Event: 2424.439 GC heap before
{Heap before GC invocations=58 (full 0):
 garbage-first heap   total 279552K, used 235938K [0x0000000080000000, 0x0000000100000000)
  region size 1024K, 73 young (74752K), 5 survivors (5120K)
 Metaspace       used 106904K, committed 107904K, reserved 557056K
  class space    used 14763K, committed 15232K, reserved 425984K
}
Event: 2424.445 GC heap after
{Heap after GC invocations=59 (full 0):
 garbage-first heap   total 279552K, used 168941K [0x0000000080000000, 0x0000000100000000)
  region size 1024K, 7 young (7168K), 7 survivors (7168K)
 Metaspace       used 106904K, committed 107904K, reserved 557056K
  class space    used 14763K, committed 15232K, reserved 425984K
}

